<?xml version="1.0" encoding="UTF-8" ?>
<testsuite tests="4" failures="0" name="com.itheima.test.DataSourceTest" time="3.589" errors="0" skipped="0">
  <properties>
[...]
</properties>
  <testcase classname="com.itheima.test.DataSourceTest" name="test" time="1.248"/>
  <testcase classname="com.itheima.test.DataSourceTest" name="test1" time="1.082"/>
  <testcase classname="com.itheima.test.DataSourceTest" name="test2" time="0.298"/>
  <testcase classname="com.itheima.test.DataSourceTest" name="test4" time="0.961"/>
</testsuite>